<?xml version="1.0" encoding="utf-8"?><testsuites name="pytest tests"><testsuite name="pytest" errors="0" failures="1" skipped="0" tests="9" time="2.668" timestamp="2026-08-31T17:43:48.023493+00:00" hostname="agent-env-3985a400-e648-4961-b68d-0538f7eaaa7b"><testcase classname="tests.test_iter3_features" name="test_utilization_current_month" time="0.576" /><testcase classname="tests.test_iter3_features" name="test_utilization_historical_no_data" time="0.170" /><testcase classname="tests.test_iter3_features" name="test_utilization_invalid_month_abc" time="0.161" /><testcase classname="tests.test_iter3_features" name="test_utilization_invalid_month_9999" time="0.148"><failure message="AssertionError: expected 400 got 500: Internal Server Error&#10;assert 500 == 400&#10; +  where 500 = &lt;Response [500]&gt;.status_code">E   AssertionError: expected 400 got 500: Internal Server Error
    assert 500 == 400
     +  where 500 = &lt;Response [500]&gt;.status_code</failure></testcase><testcase classname="tests.test_iter3_features" name="test_utilization_requires_auth" time="0.242" /><testcase classname="tests.test_iter3_features" name="test_upload_returns_public_url" time="0.395" /><testcase classname="tests.test_iter3_features" name="test_public_file_no_auth" time="0.486" /><testcase classname="tests.test_iter3_features" name="test_private_file_requires_auth" time="0.173" /><testcase classname="tests.test_iter3_features" name="test_private_file_with_auth" time="0.265" /></testsuite></testsuites>