<?xml version="1.0" encoding="utf-8"?><testsuites name="pytest tests"><testsuite name="pytest" errors="0" failures="0" skipped="0" tests="13" time="10.788" timestamp="2026-08-31T14:16:33.070918+00:00" hostname="agent-env-3985a400-e648-4961-b68d-0538f7eaaa7b"><testcase classname="tests.test_new_features" name="test_tracking_units_returns_state" time="0.701" /><testcase classname="tests.test_new_features" name="test_tracking_history_ordered" time="0.383" /><testcase classname="tests.test_new_features" name="test_telemetry_ingest_creates_point" time="1.021" /><testcase classname="tests.test_new_features" name="test_geofence_crud" time="0.914" /><testcase classname="tests.test_new_features" name="test_warehouse_can_create_geofence" time="0.647" /><testcase classname="tests.test_new_features" name="test_geofence_exit_triggers_alert" time="1.868" /><testcase classname="tests.test_new_features" name="test_alerts_read_flow" time="0.557" /><testcase classname="tests.test_new_features" name="test_service_create" time="0.334" /><testcase classname="tests.test_new_features" name="test_service_rating_before_completion_rejected" time="0.155" /><testcase classname="tests.test_new_features" name="test_service_assign_and_status_and_rating" time="1.270" /><testcase classname="tests.test_new_features" name="test_part_order_flow" time="1.060" /><testcase classname="tests.test_new_features" name="test_rcs_flow" time="0.842" /><testcase classname="tests.test_new_features" name="test_warehouse_can_update_service_status" time="0.626" /></testsuite></testsuites>